Performing C SOURCE FILE Test CMAKE_HAVE_LIBC_PTHREAD failed with the following output:
Change Dir: /home/daisuke/c++/os/cmake-build-debug/CMakeFiles/CMakeTmp

Run Build Command(s):/usr/bin/make cmTC_9927d/fast && make[1]: Entering directory '/home/daisuke/c++/os/cmake-build-debug/CMakeFiles/CMakeTmp'
/usr/bin/make  -f CMakeFiles/cmTC_9927d.dir/build.make CMakeFiles/cmTC_9927d.dir/build
make[2]: Entering directory '/home/daisuke/c++/os/cmake-build-debug/CMakeFiles/CMakeTmp'
Building C object CMakeFiles/cmTC_9927d.dir/src.c.o
/usr/bin/cc   -DCMAKE_HAVE_LIBC_PTHREAD   -o CMakeFiles/cmTC_9927d.dir/src.c.o   -c /home/daisuke/c++/os/cmake-build-debug/CMakeFiles/CMakeTmp/src.c
Linking C executable cmTC_9927d
/snap/clion/138/bin/cmake/linux/bin/cmake -E cmake_link_script CMakeFiles/cmTC_9927d.dir/link.txt --verbose=1
/usr/bin/cc  -DCMAKE_HAVE_LIBC_PTHREAD    CMakeFiles/cmTC_9927d.dir/src.c.o  -o cmTC_9927d 
/home/linuxbrew/.linuxbrew/bin/ld: CMakeFiles/cmTC_9927d.dir/src.c.o: in function `main':
src.c:(.text+0x3e): undefined reference to `pthread_create'
/home/linuxbrew/.linuxbrew/bin/ld: src.c:(.text+0x4a): undefined reference to `pthread_detach'
/home/linuxbrew/.linuxbrew/bin/ld: src.c:(.text+0x56): undefined reference to `pthread_cancel'
/home/linuxbrew/.linuxbrew/bin/ld: src.c:(.text+0x67): undefined reference to `pthread_join'
/home/linuxbrew/.linuxbrew/bin/ld: src.c:(.text+0x7b): undefined reference to `pthread_atfork'
collect2: error: ld returned 1 exit status
CMakeFiles/cmTC_9927d.dir/build.make:106: recipe for target 'cmTC_9927d' failed
make[2]: *** [cmTC_9927d] Error 1
make[2]: Leaving directory '/home/daisuke/c++/os/cmake-build-debug/CMakeFiles/CMakeTmp'
Makefile:141: recipe for target 'cmTC_9927d/fast' failed
make[1]: *** [cmTC_9927d/fast] Error 2
make[1]: Leaving directory '/home/daisuke/c++/os/cmake-build-debug/CMakeFiles/CMakeTmp'


Source file was:
#include <pthread.h>

void* test_func(void* data)
{
  return data;
}

int main(void)
{
  pthread_t thread;
  pthread_create(&thread, NULL, test_func, NULL);
  pthread_detach(thread);
  pthread_cancel(thread);
  pthread_join(thread, NULL);
  pthread_atfork(NULL, NULL, NULL);
  pthread_exit(NULL);

  return 0;
}

Determining if the function pthread_create exists in the pthreads failed with the following output:
Change Dir: /home/daisuke/c++/os/cmake-build-debug/CMakeFiles/CMakeTmp

Run Build Command(s):/usr/bin/make cmTC_826a3/fast && make[1]: Entering directory '/home/daisuke/c++/os/cmake-build-debug/CMakeFiles/CMakeTmp'
/usr/bin/make  -f CMakeFiles/cmTC_826a3.dir/build.make CMakeFiles/cmTC_826a3.dir/build
make[2]: Entering directory '/home/daisuke/c++/os/cmake-build-debug/CMakeFiles/CMakeTmp'
Building C object CMakeFiles/cmTC_826a3.dir/CheckFunctionExists.c.o
/usr/bin/cc   -DCHECK_FUNCTION_EXISTS=pthread_create   -o CMakeFiles/cmTC_826a3.dir/CheckFunctionExists.c.o   -c /snap/clion/138/bin/cmake/linux/share/cmake-3.17/Modules/CheckFunctionExists.c
Linking C executable cmTC_826a3
/snap/clion/138/bin/cmake/linux/bin/cmake -E cmake_link_script CMakeFiles/cmTC_826a3.dir/link.txt --verbose=1
/usr/bin/cc  -DCHECK_FUNCTION_EXISTS=pthread_create    CMakeFiles/cmTC_826a3.dir/CheckFunctionExists.c.o  -o cmTC_826a3  -lpthreads 
/home/linuxbrew/.linuxbrew/bin/ld: cannot find -lpthreads
collect2: error: ld returned 1 exit status
CMakeFiles/cmTC_826a3.dir/build.make:106: recipe for target 'cmTC_826a3' failed
make[2]: *** [cmTC_826a3] Error 1
make[2]: Leaving directory '/home/daisuke/c++/os/cmake-build-debug/CMakeFiles/CMakeTmp'
Makefile:141: recipe for target 'cmTC_826a3/fast' failed
make[1]: *** [cmTC_826a3/fast] Error 2
make[1]: Leaving directory '/home/daisuke/c++/os/cmake-build-debug/CMakeFiles/CMakeTmp'



